2026-05-16 13:23:10,847 | INFO | train | ==== STEP 1: load + grid raw FIRMS data ====
2026-05-16 13:23:10,847 | INFO | data_loader | Loading 6 FIRMS file(s)
2026-05-16 13:23:10,987 | INFO | data_loader | Loaded 451523 raw hotspot rows
2026-05-16 13:23:11,620 | INFO | data_loader | Capped FRP at q0.999=202.6, dropped 452 rows
2026-05-16 13:23:11,629 | INFO | data_loader | After cleaning: 451071 rows
2026-05-16 13:23:12,092 | INFO | data_loader | Urban filter (buffer=0.0 km): dropped 383 / 451071 hotspots
2026-05-16 13:23:12,239 | INFO | data_loader | Aggregated to 110814 cell-day rows across 9479 cells
2026-05-16 13:23:14,678 | INFO | data_loader | Densified 9479 active cells × 470 days = 4455130 rows
2026-05-16 13:23:16,213 | INFO | data_loader | Merged Hansen tree cover: 4455130 / 4455130 rows have tree_cover values
2026-05-16 13:23:18,670 | INFO | data_loader | Merged weather: 1693065 / 4455130 rows have real ERA5 values
2026-05-16 13:23:18,948 | INFO | train | ==== STEP 2: feature engineering ====
/home/qomaru/Science-Project-version-3/src/features.py:328: PerformanceWarning: DataFrame is highly fragmented.  This is usually the result of calling `frame.insert` many times, which has poor performance.  Consider joining all columns at once using pd.concat(axis=1) instead. To get a de-fragmented frame, use `newframe = frame.copy()`
  df[f"wide_neighbor_fire_sum_{w}d"] = _past_roll(df, "wide_neighbor_fire_today", w, "sum")   # CAUSAL
/home/qomaru/Science-Project-version-3/src/features.py:329: PerformanceWarning: DataFrame is highly fragmented.  This is usually the result of calling `frame.insert` many times, which has poor performance.  Consider joining all columns at once using pd.concat(axis=1) instead. To get a de-fragmented frame, use `newframe = frame.copy()`
  df["wide_neighbor_fire_velocity_3d"] = (
/home/qomaru/Science-Project-version-3/src/features.py:335: PerformanceWarning: DataFrame is highly fragmented.  This is usually the result of calling `frame.insert` many times, which has poor performance.  Consider joining all columns at once using pd.concat(axis=1) instead. To get a de-fragmented frame, use `newframe = frame.copy()`
  df[f"wide_neighbor_frp_lag_{lag}"] = grp["wide_neighbor_frp_today"].shift(lag).fillna(0)  # CAUSAL
/home/qomaru/Science-Project-version-3/src/features.py:335: PerformanceWarning: DataFrame is highly fragmented.  This is usually the result of calling `frame.insert` many times, which has poor performance.  Consider joining all columns at once using pd.concat(axis=1) instead. To get a de-fragmented frame, use `newframe = frame.copy()`
  df[f"wide_neighbor_frp_lag_{lag}"] = grp["wide_neighbor_frp_today"].shift(lag).fillna(0)  # CAUSAL
/home/qomaru/Science-Project-version-3/src/features.py:335: PerformanceWarning: DataFrame is highly fragmented.  This is usually the result of calling `frame.insert` many times, which has poor performance.  Consider joining all columns at once using pd.concat(axis=1) instead. To get a de-fragmented frame, use `newframe = frame.copy()`
  df[f"wide_neighbor_frp_lag_{lag}"] = grp["wide_neighbor_frp_today"].shift(lag).fillna(0)  # CAUSAL
/home/qomaru/Science-Project-version-3/src/features.py:335: PerformanceWarning: DataFrame is highly fragmented.  This is usually the result of calling `frame.insert` many times, which has poor performance.  Consider joining all columns at once using pd.concat(axis=1) instead. To get a de-fragmented frame, use `newframe = frame.copy()`
  df[f"wide_neighbor_frp_lag_{lag}"] = grp["wide_neighbor_frp_today"].shift(lag).fillna(0)  # CAUSAL
/home/qomaru/Science-Project-version-3/src/features.py:335: PerformanceWarning: DataFrame is highly fragmented.  This is usually the result of calling `frame.insert` many times, which has poor performance.  Consider joining all columns at once using pd.concat(axis=1) instead. To get a de-fragmented frame, use `newframe = frame.copy()`
  df[f"wide_neighbor_frp_lag_{lag}"] = grp["wide_neighbor_frp_today"].shift(lag).fillna(0)  # CAUSAL
/home/qomaru/Science-Project-version-3/src/features.py:337: PerformanceWarning: DataFrame is highly fragmented.  This is usually the result of calling `frame.insert` many times, which has poor performance.  Consider joining all columns at once using pd.concat(axis=1) instead. To get a de-fragmented frame, use `newframe = frame.copy()`
  df[f"wide_neighbor_frp_sum_{w}d"] = _past_roll(df, "wide_neighbor_frp_today", w, "sum")    # CAUSAL
/home/qomaru/Science-Project-version-3/src/features.py:337: PerformanceWarning: DataFrame is highly fragmented.  This is usually the result of calling `frame.insert` many times, which has poor performance.  Consider joining all columns at once using pd.concat(axis=1) instead. To get a de-fragmented frame, use `newframe = frame.copy()`
  df[f"wide_neighbor_frp_sum_{w}d"] = _past_roll(df, "wide_neighbor_frp_today", w, "sum")    # CAUSAL
/home/qomaru/Science-Project-version-3/src/features.py:337: PerformanceWarning: DataFrame is highly fragmented.  This is usually the result of calling `frame.insert` many times, which has poor performance.  Consider joining all columns at once using pd.concat(axis=1) instead. To get a de-fragmented frame, use `newframe = frame.copy()`
  df[f"wide_neighbor_frp_sum_{w}d"] = _past_roll(df, "wide_neighbor_frp_today", w, "sum")    # CAUSAL
/home/qomaru/Science-Project-version-3/src/features.py:337: PerformanceWarning: DataFrame is highly fragmented.  This is usually the result of calling `frame.insert` many times, which has poor performance.  Consider joining all columns at once using pd.concat(axis=1) instead. To get a de-fragmented frame, use `newframe = frame.copy()`
  df[f"wide_neighbor_frp_sum_{w}d"] = _past_roll(df, "wide_neighbor_frp_today", w, "sum")    # CAUSAL
/home/qomaru/Science-Project-version-3/src/features.py:343: PerformanceWarning: DataFrame is highly fragmented.  This is usually the result of calling `frame.insert` many times, which has poor performance.  Consider joining all columns at once using pd.concat(axis=1) instead. To get a de-fragmented frame, use `newframe = frame.copy()`
  df[f"{col}_today"] = df[col].fillna(0)
/home/qomaru/Science-Project-version-3/src/features.py:345: PerformanceWarning: DataFrame is highly fragmented.  This is usually the result of calling `frame.insert` many times, which has poor performance.  Consider joining all columns at once using pd.concat(axis=1) instead. To get a de-fragmented frame, use `newframe = frame.copy()`
  df[f"{col}_lag_{lag}"] = grp[col].shift(lag).fillna(0)         # CAUSAL
/home/qomaru/Science-Project-version-3/src/features.py:345: PerformanceWarning: DataFrame is highly fragmented.  This is usually the result of calling `frame.insert` many times, which has poor performance.  Consider joining all columns at once using pd.concat(axis=1) instead. To get a de-fragmented frame, use `newframe = frame.copy()`
  df[f"{col}_lag_{lag}"] = grp[col].shift(lag).fillna(0)         # CAUSAL
/home/qomaru/Science-Project-version-3/src/features.py:345: PerformanceWarning: DataFrame is highly fragmented.  This is usually the result of calling `frame.insert` many times, which has poor performance.  Consider joining all columns at once using pd.concat(axis=1) instead. To get a de-fragmented frame, use `newframe = frame.copy()`
  df[f"{col}_lag_{lag}"] = grp[col].shift(lag).fillna(0)         # CAUSAL
/home/qomaru/Science-Project-version-3/src/features.py:347: PerformanceWarning: DataFrame is highly fragmented.  This is usually the result of calling `frame.insert` many times, which has poor performance.  Consider joining all columns at once using pd.concat(axis=1) instead. To get a de-fragmented frame, use `newframe = frame.copy()`
  df[f"{col}_mean_{w}d"] = _past_roll(df, col, w, "mean")        # CAUSAL
/home/qomaru/Science-Project-version-3/src/features.py:347: PerformanceWarning: DataFrame is highly fragmented.  This is usually the result of calling `frame.insert` many times, which has poor performance.  Consider joining all columns at once using pd.concat(axis=1) instead. To get a de-fragmented frame, use `newframe = frame.copy()`
  df[f"{col}_mean_{w}d"] = _past_roll(df, col, w, "mean")        # CAUSAL
/home/qomaru/Science-Project-version-3/src/features.py:343: PerformanceWarning: DataFrame is highly fragmented.  This is usually the result of calling `frame.insert` many times, which has poor performance.  Consider joining all columns at once using pd.concat(axis=1) instead. To get a de-fragmented frame, use `newframe = frame.copy()`
  df[f"{col}_today"] = df[col].fillna(0)
/home/qomaru/Science-Project-version-3/src/features.py:345: PerformanceWarning: DataFrame is highly fragmented.  This is usually the result of calling `frame.insert` many times, which has poor performance.  Consider joining all columns at once using pd.concat(axis=1) instead. To get a de-fragmented frame, use `newframe = frame.copy()`
  df[f"{col}_lag_{lag}"] = grp[col].shift(lag).fillna(0)         # CAUSAL
/home/qomaru/Science-Project-version-3/src/features.py:345: PerformanceWarning: DataFrame is highly fragmented.  This is usually the result of calling `frame.insert` many times, which has poor performance.  Consider joining all columns at once using pd.concat(axis=1) instead. To get a de-fragmented frame, use `newframe = frame.copy()`
  df[f"{col}_lag_{lag}"] = grp[col].shift(lag).fillna(0)         # CAUSAL
/home/qomaru/Science-Project-version-3/src/features.py:345: PerformanceWarning: DataFrame is highly fragmented.  This is usually the result of calling `frame.insert` many times, which has poor performance.  Consider joining all columns at once using pd.concat(axis=1) instead. To get a de-fragmented frame, use `newframe = frame.copy()`
  df[f"{col}_lag_{lag}"] = grp[col].shift(lag).fillna(0)         # CAUSAL
/home/qomaru/Science-Project-version-3/src/features.py:347: PerformanceWarning: DataFrame is highly fragmented.  This is usually the result of calling `frame.insert` many times, which has poor performance.  Consider joining all columns at once using pd.concat(axis=1) instead. To get a de-fragmented frame, use `newframe = frame.copy()`
  df[f"{col}_mean_{w}d"] = _past_roll(df, col, w, "mean")        # CAUSAL
/home/qomaru/Science-Project-version-3/src/features.py:347: PerformanceWarning: DataFrame is highly fragmented.  This is usually the result of calling `frame.insert` many times, which has poor performance.  Consider joining all columns at once using pd.concat(axis=1) instead. To get a de-fragmented frame, use `newframe = frame.copy()`
  df[f"{col}_mean_{w}d"] = _past_roll(df, col, w, "mean")        # CAUSAL
/home/qomaru/Science-Project-version-3/src/features.py:343: PerformanceWarning: DataFrame is highly fragmented.  This is usually the result of calling `frame.insert` many times, which has poor performance.  Consider joining all columns at once using pd.concat(axis=1) instead. To get a de-fragmented frame, use `newframe = frame.copy()`
  df[f"{col}_today"] = df[col].fillna(0)
/home/qomaru/Science-Project-version-3/src/features.py:345: PerformanceWarning: DataFrame is highly fragmented.  This is usually the result of calling `frame.insert` many times, which has poor performance.  Consider joining all columns at once using pd.concat(axis=1) instead. To get a de-fragmented frame, use `newframe = frame.copy()`
  df[f"{col}_lag_{lag}"] = grp[col].shift(lag).fillna(0)         # CAUSAL
/home/qomaru/Science-Project-version-3/src/features.py:345: PerformanceWarning: DataFrame is highly fragmented.  This is usually the result of calling `frame.insert` many times, which has poor performance.  Consider joining all columns at once using pd.concat(axis=1) instead. To get a de-fragmented frame, use `newframe = frame.copy()`
  df[f"{col}_lag_{lag}"] = grp[col].shift(lag).fillna(0)         # CAUSAL
/home/qomaru/Science-Project-version-3/src/features.py:345: PerformanceWarning: DataFrame is highly fragmented.  This is usually the result of calling `frame.insert` many times, which has poor performance.  Consider joining all columns at once using pd.concat(axis=1) instead. To get a de-fragmented frame, use `newframe = frame.copy()`
  df[f"{col}_lag_{lag}"] = grp[col].shift(lag).fillna(0)         # CAUSAL
/home/qomaru/Science-Project-version-3/src/features.py:347: PerformanceWarning: DataFrame is highly fragmented.  This is usually the result of calling `frame.insert` many times, which has poor performance.  Consider joining all columns at once using pd.concat(axis=1) instead. To get a de-fragmented frame, use `newframe = frame.copy()`
  df[f"{col}_mean_{w}d"] = _past_roll(df, col, w, "mean")        # CAUSAL
/home/qomaru/Science-Project-version-3/src/features.py:347: PerformanceWarning: DataFrame is highly fragmented.  This is usually the result of calling `frame.insert` many times, which has poor performance.  Consider joining all columns at once using pd.concat(axis=1) instead. To get a de-fragmented frame, use `newframe = frame.copy()`
  df[f"{col}_mean_{w}d"] = _past_roll(df, col, w, "mean")        # CAUSAL
/home/qomaru/Science-Project-version-3/src/features.py:343: PerformanceWarning: DataFrame is highly fragmented.  This is usually the result of calling `frame.insert` many times, which has poor performance.  Consider joining all columns at once using pd.concat(axis=1) instead. To get a de-fragmented frame, use `newframe = frame.copy()`
  df[f"{col}_today"] = df[col].fillna(0)
/home/qomaru/Science-Project-version-3/src/features.py:345: PerformanceWarning: DataFrame is highly fragmented.  This is usually the result of calling `frame.insert` many times, which has poor performance.  Consider joining all columns at once using pd.concat(axis=1) instead. To get a de-fragmented frame, use `newframe = frame.copy()`
  df[f"{col}_lag_{lag}"] = grp[col].shift(lag).fillna(0)         # CAUSAL
/home/qomaru/Science-Project-version-3/src/features.py:345: PerformanceWarning: DataFrame is highly fragmented.  This is usually the result of calling `frame.insert` many times, which has poor performance.  Consider joining all columns at once using pd.concat(axis=1) instead. To get a de-fragmented frame, use `newframe = frame.copy()`
  df[f"{col}_lag_{lag}"] = grp[col].shift(lag).fillna(0)         # CAUSAL
/home/qomaru/Science-Project-version-3/src/features.py:345: PerformanceWarning: DataFrame is highly fragmented.  This is usually the result of calling `frame.insert` many times, which has poor performance.  Consider joining all columns at once using pd.concat(axis=1) instead. To get a de-fragmented frame, use `newframe = frame.copy()`
  df[f"{col}_lag_{lag}"] = grp[col].shift(lag).fillna(0)         # CAUSAL
/home/qomaru/Science-Project-version-3/src/features.py:347: PerformanceWarning: DataFrame is highly fragmented.  This is usually the result of calling `frame.insert` many times, which has poor performance.  Consider joining all columns at once using pd.concat(axis=1) instead. To get a de-fragmented frame, use `newframe = frame.copy()`
  df[f"{col}_mean_{w}d"] = _past_roll(df, col, w, "mean")        # CAUSAL
/home/qomaru/Science-Project-version-3/src/features.py:347: PerformanceWarning: DataFrame is highly fragmented.  This is usually the result of calling `frame.insert` many times, which has poor performance.  Consider joining all columns at once using pd.concat(axis=1) instead. To get a de-fragmented frame, use `newframe = frame.copy()`
  df[f"{col}_mean_{w}d"] = _past_roll(df, col, w, "mean")        # CAUSAL
/home/qomaru/Science-Project-version-3/src/features.py:343: PerformanceWarning: DataFrame is highly fragmented.  This is usually the result of calling `frame.insert` many times, which has poor performance.  Consider joining all columns at once using pd.concat(axis=1) instead. To get a de-fragmented frame, use `newframe = frame.copy()`
  df[f"{col}_today"] = df[col].fillna(0)
/home/qomaru/Science-Project-version-3/src/features.py:345: PerformanceWarning: DataFrame is highly fragmented.  This is usually the result of calling `frame.insert` many times, which has poor performance.  Consider joining all columns at once using pd.concat(axis=1) instead. To get a de-fragmented frame, use `newframe = frame.copy()`
  df[f"{col}_lag_{lag}"] = grp[col].shift(lag).fillna(0)         # CAUSAL
/home/qomaru/Science-Project-version-3/src/features.py:345: PerformanceWarning: DataFrame is highly fragmented.  This is usually the result of calling `frame.insert` many times, which has poor performance.  Consider joining all columns at once using pd.concat(axis=1) instead. To get a de-fragmented frame, use `newframe = frame.copy()`
  df[f"{col}_lag_{lag}"] = grp[col].shift(lag).fillna(0)         # CAUSAL
/home/qomaru/Science-Project-version-3/src/features.py:345: PerformanceWarning: DataFrame is highly fragmented.  This is usually the result of calling `frame.insert` many times, which has poor performance.  Consider joining all columns at once using pd.concat(axis=1) instead. To get a de-fragmented frame, use `newframe = frame.copy()`
  df[f"{col}_lag_{lag}"] = grp[col].shift(lag).fillna(0)         # CAUSAL
/home/qomaru/Science-Project-version-3/src/features.py:347: PerformanceWarning: DataFrame is highly fragmented.  This is usually the result of calling `frame.insert` many times, which has poor performance.  Consider joining all columns at once using pd.concat(axis=1) instead. To get a de-fragmented frame, use `newframe = frame.copy()`
  df[f"{col}_mean_{w}d"] = _past_roll(df, col, w, "mean")        # CAUSAL
/home/qomaru/Science-Project-version-3/src/features.py:347: PerformanceWarning: DataFrame is highly fragmented.  This is usually the result of calling `frame.insert` many times, which has poor performance.  Consider joining all columns at once using pd.concat(axis=1) instead. To get a de-fragmented frame, use `newframe = frame.copy()`
  df[f"{col}_mean_{w}d"] = _past_roll(df, col, w, "mean")        # CAUSAL
2026-05-16 13:28:36,244 | INFO | features | Built features for 4455130 rows, 407447 positive labels (fire within 7 days)
2026-05-16 13:28:57,858 | INFO | train | Saved feature dataset → /home/qomaru/Science-Project-version-3/outputs/features/full_features.parquet
2026-05-16 13:28:57,868 | INFO | train | ==== STEP 3: build binary label + memory-frugal undersample ====
/home/qomaru/Science-Project-version-3/src/train.py:966: PerformanceWarning: DataFrame is highly fragmented.  This is usually the result of calling `frame.insert` many times, which has poor performance.  Consider joining all columns at once using pd.concat(axis=1) instead. To get a de-fragmented frame, use `newframe = frame.copy()`
  feats["_y_bin"] = _make_binary_label(feats["days_until_fire"]).astype(np.int8)
2026-05-16 13:29:09,481 | INFO | train | Class distribution before undersample: pos=236657 (5.31%)  neg=4218473  (target: fire ∈ {1..3} days)
2026-05-16 13:29:17,647 | INFO | train | After global undersample (4:1): 4455130 → 1183285 rows  (pos=236657, neg=946628)
2026-05-16 13:29:18,680 | INFO | train | ==== STEP 4: chronological train / val / test split ====
2026-05-16 13:29:20,139 | INFO | train | Split date ranges:
2026-05-16 13:29:20,312 | INFO | train |   train : 2025-01-31 → 2025-11-09  (709971 rows)
2026-05-16 13:29:20,361 | INFO | train |   val   : 2025-11-09 → 2026-02-04  (236657 rows)
2026-05-16 13:29:20,419 | INFO | train |   test  : 2026-02-04 → 2026-05-15  (236657 rows)
2026-05-16 13:29:20,419 | INFO | train | Using 164 features
2026-05-16 13:29:20,429 | INFO | train | ==== STEP 4b: compute sample weights (recency + class balance) ====
2026-05-16 13:29:20,721 | INFO | train | Sample weights: min=0.012 max=26.454 mean=1.000
2026-05-16 13:29:20,722 | INFO | train | scale_pos_weight = 4.096  (pos=139321, neg=570650 in undersampled train)
2026-05-16 13:29:20,722 | INFO | train | ==== STEP 5: LightGBM tuning (BayesSearchCV, n_iter=12, n_splits=3, gap=7) ====
2026-05-16 13:35:07,023 | INFO | train | ⏱️  Tuning time: 346.3 seconds
2026-05-16 13:35:07,028 | INFO | train | Best params: {'colsample_bytree': 0.7, 'learning_rate': 0.05, 'max_depth': 8, 'min_child_samples': 20, 'n_estimators': 400, 'num_leaves': 31, 'reg_alpha': 0.0, 'reg_lambda': 1.0, 'subsample': 0.9}
2026-05-16 13:35:07,028 | INFO | train | Best CV score (ROC-AUC): 0.9571
2026-05-16 13:35:07,028 | INFO | train | ==== STEP 6: refit ensemble on train+val with early stopping ====
2026-05-16 13:35:17,465 | INFO | train | ⏱️  Ensemble refit time: 10.0 seconds (3 models)
2026-05-16 13:35:17,466 | INFO | train | ==== STEP 7: held-out test evaluation (binary fire-in-3d) ====
2026-05-16 13:35:18,211 | INFO | train | Binary test metrics: {'roc_auc': 0.8446, 'average_precision': 0.3124, 'accuracy': 0.802, 'precision': 0.3571, 'recall': 0.6641, 'f1': 0.4645, 'best_f1': 0.5089, 'best_threshold': 0.35, 'precision_at_best_thr': 0.345, 'recall_at_best_thr': 0.969, 'precision_at_top_5pct': 0.176, 'precision_at_top_10pct': 0.2962, 'precision_at_top_20pct': 0.3492}
2026-05-16 13:35:18,214 | INFO | train | Pseudo-days metrics (compat): {'mae': 5.1553, 'rmse': 5.4187, 'r2': -11.1994, 'acc_within_1': 0.0674, 'acc_exact': 0.0211}
Fitting 3 folds for each of 1 candidates, totalling 3 fits
[CV] END colsample_bytree=0.8, learning_rate=0.1, max_depth=10, min_child_samples=20, n_estimators=800, num_leaves=63, reg_alpha=0.0, reg_lambda=1.0, subsample=0.7; total time=  10.7s
[CV] END colsample_bytree=0.8, learning_rate=0.1, max_depth=10, min_child_samples=20, n_estimators=800, num_leaves=63, reg_alpha=0.0, reg_lambda=1.0, subsample=0.7; total time=  13.2s
[CV] END colsample_bytree=0.8, learning_rate=0.1, max_depth=10, min_child_samples=20, n_estimators=800, num_leaves=63, reg_alpha=0.0, reg_lambda=1.0, subsample=0.7; total time=  15.8s
Fitting 3 folds for each of 1 candidates, totalling 3 fits
[CV] END colsample_bytree=1.0, learning_rate=0.1, max_depth=6, min_child_samples=100, n_estimators=800, num_leaves=31, reg_alpha=0.0, reg_lambda=0.1, subsample=0.8; total time=   6.2s
[CV] END colsample_bytree=1.0, learning_rate=0.1, max_depth=6, min_child_samples=100, n_estimators=800, num_leaves=31, reg_alpha=0.0, reg_lambda=0.1, subsample=0.8; total time=  10.0s
[CV] END colsample_bytree=1.0, learning_rate=0.1, max_depth=6, min_child_samples=100, n_estimators=800, num_leaves=31, reg_alpha=0.0, reg_lambda=0.1, subsample=0.8; total time=  13.6s
Fitting 3 folds for each of 1 candidates, totalling 3 fits
[CV] END colsample_bytree=0.8, learning_rate=0.1, max_depth=6, min_child_samples=50, n_estimators=400, num_leaves=63, reg_alpha=0.0, reg_lambda=1.0, subsample=0.8; total time=   4.0s
[CV] END colsample_bytree=0.8, learning_rate=0.1, max_depth=6, min_child_samples=50, n_estimators=400, num_leaves=63, reg_alpha=0.0, reg_lambda=1.0, subsample=0.8; total time=   6.4s
[CV] END colsample_bytree=0.8, learning_rate=0.1, max_depth=6, min_child_samples=50, n_estimators=400, num_leaves=63, reg_alpha=0.0, reg_lambda=1.0, subsample=0.8; total time=   7.6s
Fitting 3 folds for each of 1 candidates, totalling 3 fits
[CV] END colsample_bytree=1.0, learning_rate=0.05, max_depth=8, min_child_samples=100, n_estimators=600, num_leaves=31, reg_alpha=0.1, reg_lambda=1.0, subsample=0.9; total time=   5.8s
[CV] END colsample_bytree=1.0, learning_rate=0.05, max_depth=8, min_child_samples=100, n_estimators=600, num_leaves=31, reg_alpha=0.1, reg_lambda=1.0, subsample=0.9; total time=   8.7s
[CV] END colsample_bytree=1.0, learning_rate=0.05, max_depth=8, min_child_samples=100, n_estimators=600, num_leaves=31, reg_alpha=0.1, reg_lambda=1.0, subsample=0.9; total time=  11.3s
Fitting 3 folds for each of 1 candidates, totalling 3 fits
[CV] END colsample_bytree=1.0, learning_rate=0.05, max_depth=8, min_child_samples=100, n_estimators=800, num_leaves=127, reg_alpha=0.0, reg_lambda=0.1, subsample=0.8; total time=   9.7s
[CV] END colsample_bytree=1.0, learning_rate=0.05, max_depth=8, min_child_samples=100, n_estimators=800, num_leaves=127, reg_alpha=0.0, reg_lambda=0.1, subsample=0.8; total time=  15.0s
[CV] END colsample_bytree=1.0, learning_rate=0.05, max_depth=8, min_child_samples=100, n_estimators=800, num_leaves=127, reg_alpha=0.0, reg_lambda=0.1, subsample=0.8; total time=  19.7s
Fitting 3 folds for each of 1 candidates, totalling 3 fits
[CV] END colsample_bytree=1.0, learning_rate=0.1, max_depth=6, min_child_samples=20, n_estimators=800, num_leaves=63, reg_alpha=0.0, reg_lambda=0.1, subsample=0.9; total time=   6.9s
[CV] END colsample_bytree=1.0, learning_rate=0.1, max_depth=6, min_child_samples=20, n_estimators=800, num_leaves=63, reg_alpha=0.0, reg_lambda=0.1, subsample=0.9; total time=  15.5s
[CV] END colsample_bytree=1.0, learning_rate=0.1, max_depth=6, min_child_samples=20, n_estimators=800, num_leaves=63, reg_alpha=0.0, reg_lambda=0.1, subsample=0.9; total time=  18.0s
Fitting 3 folds for each of 1 candidates, totalling 3 fits
[CV] END colsample_bytree=0.8, learning_rate=0.1, max_depth=8, min_child_samples=100, n_estimators=600, num_leaves=63, reg_alpha=0.1, reg_lambda=0.1, subsample=0.9; total time=   7.0s
[CV] END colsample_bytree=0.8, learning_rate=0.1, max_depth=8, min_child_samples=100, n_estimators=600, num_leaves=63, reg_alpha=0.1, reg_lambda=0.1, subsample=0.9; total time=  10.3s
[CV] END colsample_bytree=0.8, learning_rate=0.1, max_depth=8, min_child_samples=100, n_estimators=600, num_leaves=63, reg_alpha=0.1, reg_lambda=0.1, subsample=0.9; total time=  15.3s
Fitting 3 folds for each of 1 candidates, totalling 3 fits
[CV] END colsample_bytree=0.8, learning_rate=0.1, max_depth=8, min_child_samples=100, n_estimators=400, num_leaves=31, reg_alpha=0.1, reg_lambda=0.0, subsample=0.8; total time=   3.8s
[CV] END colsample_bytree=0.8, learning_rate=0.1, max_depth=8, min_child_samples=100, n_estimators=400, num_leaves=31, reg_alpha=0.1, reg_lambda=0.0, subsample=0.8; total time=   6.0s
[CV] END colsample_bytree=0.8, learning_rate=0.1, max_depth=8, min_child_samples=100, n_estimators=400, num_leaves=31, reg_alpha=0.1, reg_lambda=0.0, subsample=0.8; total time=   7.2s
Fitting 3 folds for each of 1 candidates, totalling 3 fits
[CV] END colsample_bytree=1.0, learning_rate=0.1, max_depth=10, min_child_samples=50, n_estimators=600, num_leaves=31, reg_alpha=0.0, reg_lambda=0.1, subsample=0.8; total time=   5.0s
[CV] END colsample_bytree=1.0, learning_rate=0.1, max_depth=10, min_child_samples=50, n_estimators=600, num_leaves=31, reg_alpha=0.0, reg_lambda=0.1, subsample=0.8; total time=   7.8s
[CV] END colsample_bytree=1.0, learning_rate=0.1, max_depth=10, min_child_samples=50, n_estimators=600, num_leaves=31, reg_alpha=0.0, reg_lambda=0.1, subsample=0.8; total time=  10.0s
Fitting 3 folds for each of 1 candidates, totalling 3 fits
[CV] END colsample_bytree=0.7, learning_rate=0.1, max_depth=10, min_child_samples=20, n_estimators=600, num_leaves=31, reg_alpha=0.0, reg_lambda=0.0, subsample=0.9; total time=   4.5s
[CV] END colsample_bytree=0.7, learning_rate=0.1, max_depth=10, min_child_samples=20, n_estimators=600, num_leaves=31, reg_alpha=0.0, reg_lambda=0.0, subsample=0.9; total time=   7.7s
[CV] END colsample_bytree=0.7, learning_rate=0.1, max_depth=10, min_child_samples=20, n_estimators=600, num_leaves=31, reg_alpha=0.0, reg_lambda=0.0, subsample=0.9; total time=  10.0s
Fitting 3 folds for each of 1 candidates, totalling 3 fits
[CV] END colsample_bytree=0.7, learning_rate=0.05, max_depth=8, min_child_samples=20, n_estimators=400, num_leaves=31, reg_alpha=0.0, reg_lambda=1.0, subsample=0.9; total time=   4.1s
[CV] END colsample_bytree=0.7, learning_rate=0.05, max_depth=8, min_child_samples=20, n_estimators=400, num_leaves=31, reg_alpha=0.0, reg_lambda=1.0, subsample=0.9; total time=   6.3s
[CV] END colsample_bytree=0.7, learning_rate=0.05, max_depth=8, min_child_samples=20, n_estimators=400, num_leaves=31, reg_alpha=0.0, reg_lambda=1.0, subsample=0.9; total time=   7.9s
Fitting 3 folds for each of 1 candidates, totalling 3 fits
[CV] END colsample_bytree=0.8, learning_rate=0.05, max_depth=6, min_child_samples=50, n_estimators=600, num_leaves=31, reg_alpha=0.0, reg_lambda=1.0, subsample=0.8; total time=   5.3s
[CV] END colsample_bytree=0.8, learning_rate=0.05, max_depth=6, min_child_samples=50, n_estimators=600, num_leaves=31, reg_alpha=0.0, reg_lambda=1.0, subsample=0.8; total time=   8.3s
[CV] END colsample_bytree=0.8, learning_rate=0.05, max_depth=6, min_child_samples=50, n_estimators=600, num_leaves=31, reg_alpha=0.0, reg_lambda=1.0, subsample=0.8; total time=  10.9s

============================================================================
BINARY CLASSIFICATION: fire within next 3 days?  (held-out test)
============================================================================
  Test positives: 30598 / 236657 (12.93%)
  ROC-AUC                : 0.8446   ← GOOD
  Average Precision (PR) : 0.3124
  @threshold=0.5  →  acc=80.20%  precision=35.71%  recall=66.41%  F1=46.45%
  @threshold=0.35  →  F1=50.89%  precision=34.50%  recall=96.90%
  Precision @ top  5% : 17.60%
  Precision @ top 10% : 29.62%
  Precision @ top 20% : 34.92%

============================================================================
PER-DAY DIAGNOSTIC (pseudo-days = monotone-in-probability)
============================================================================
┌─────┬───────┬───────┬───────┬──────────┬──────────┬──────────┬─────────┐2026-05-16 13:35:18,235 | INFO | train | Baseline (always p=0.196) AUC=0.5000 → model AUC=0.8446, uplift vs random +68.93%
2026-05-16 13:35:18,242 | INFO | train | ==== STEP 8: persist artifacts ====
2026-05-16 13:35:18,250 | INFO | train | Saved model → /home/qomaru/Science-Project-version-3/outputs/models/lgbm_fire_date_model.pkl
2026-05-16 13:35:18,256 | INFO | train | ==== STEP 9: render PNG training report ====
2026-05-16 13:42:28,908 | INFO | train | ⏱️  Total training time: 1158.1 seconds
2026-05-16 13:42:29,597 | INFO | train | Saved metadata → /home/qomaru/Science-Project-version-3/outputs/metadata/dataset_info.json
2026-05-16 13:42:29,597 | INFO | train | ==== STEP 10: refresh risk map ====
